Vivado Simulator 2019.1
Copyright 1986-1999, 2001-2019 Xilinx, Inc. All Rights Reserved.
Running: D:/Xilinx/Vivado/2019.1/bin/unwrapped/win64.o/xelab.exe -wto fd5d4eca07a248adb6512c2d9f20e7c3 --incr --debug typical --relax --mt 2 -L xil_defaultlib -L unisims_ver -L unimacro_ver -L secureip --snapshot dft_32_point_behav xil_defaultlib.dft_32_point xil_defaultlib.glbl -log elaborate.log 
Using 2 slave threads.
Starting static elaboration
WARNING: [VRFC 10-3091] actual bit length 9 differs from formal bit length 8 for port 'X0_real' [C:/Users/Praveen/Downloads/dft_32_point.v:270]
WARNING: [VRFC 10-3091] actual bit length 9 differs from formal bit length 8 for port 'X0_imag' [C:/Users/Praveen/Downloads/dft_32_point.v:271]
WARNING: [VRFC 10-3091] actual bit length 9 differs from formal bit length 8 for port 'X1_real' [C:/Users/Praveen/Downloads/dft_32_point.v:272]
WARNING: [VRFC 10-3091] actual bit length 9 differs from formal bit length 8 for port 'X1_imag' [C:/Users/Praveen/Downloads/dft_32_point.v:273]
WARNING: [VRFC 10-3091] actual bit length 9 differs from formal bit length 8 for port 'X2_real' [C:/Users/Praveen/Downloads/dft_32_point.v:274]
WARNING: [VRFC 10-3091] actual bit length 9 differs from formal bit length 8 for port 'X2_imag' [C:/Users/Praveen/Downloads/dft_32_point.v:275]
WARNING: [VRFC 10-3091] actual bit length 9 differs from formal bit length 8 for port 'X3_real' [C:/Users/Praveen/Downloads/dft_32_point.v:276]
WARNING: [VRFC 10-3091] actual bit length 9 differs from formal bit length 8 for port 'X3_imag' [C:/Users/Praveen/Downloads/dft_32_point.v:277]
WARNING: [VRFC 10-3091] actual bit length 9 differs from formal bit length 8 for port 'X4_real' [C:/Users/Praveen/Downloads/dft_32_point.v:278]
WARNING: [VRFC 10-3091] actual bit length 9 differs from formal bit length 8 for port 'X4_imag' [C:/Users/Praveen/Downloads/dft_32_point.v:279]
WARNING: [VRFC 10-3091] actual bit length 9 differs from formal bit length 8 for port 'X5_real' [C:/Users/Praveen/Downloads/dft_32_point.v:280]
WARNING: [VRFC 10-3091] actual bit length 9 differs from formal bit length 8 for port 'X5_imag' [C:/Users/Praveen/Downloads/dft_32_point.v:281]
WARNING: [VRFC 10-3091] actual bit length 9 differs from formal bit length 8 for port 'X6_real' [C:/Users/Praveen/Downloads/dft_32_point.v:282]
WARNING: [VRFC 10-3091] actual bit length 9 differs from formal bit length 8 for port 'X6_imag' [C:/Users/Praveen/Downloads/dft_32_point.v:283]
WARNING: [VRFC 10-3091] actual bit length 9 differs from formal bit length 8 for port 'X7_real' [C:/Users/Praveen/Downloads/dft_32_point.v:284]
WARNING: [VRFC 10-3091] actual bit length 9 differs from formal bit length 8 for port 'X7_imag' [C:/Users/Praveen/Downloads/dft_32_point.v:285]
WARNING: [VRFC 10-3091] actual bit length 9 differs from formal bit length 8 for port 'X8_real' [C:/Users/Praveen/Downloads/dft_32_point.v:286]
WARNING: [VRFC 10-3091] actual bit length 9 differs from formal bit length 8 for port 'X8_imag' [C:/Users/Praveen/Downloads/dft_32_point.v:287]
WARNING: [VRFC 10-3091] actual bit length 9 differs from formal bit length 8 for port 'X9_real' [C:/Users/Praveen/Downloads/dft_32_point.v:288]
WARNING: [VRFC 10-3091] actual bit length 9 differs from formal bit length 8 for port 'X9_imag' [C:/Users/Praveen/Downloads/dft_32_point.v:289]
WARNING: [VRFC 10-3091] actual bit length 9 differs from formal bit length 8 for port 'X10_real' [C:/Users/Praveen/Downloads/dft_32_point.v:290]
WARNING: [VRFC 10-3091] actual bit length 9 differs from formal bit length 8 for port 'X10_imag' [C:/Users/Praveen/Downloads/dft_32_point.v:291]
WARNING: [VRFC 10-3091] actual bit length 9 differs from formal bit length 8 for port 'X11_real' [C:/Users/Praveen/Downloads/dft_32_point.v:292]
WARNING: [VRFC 10-3091] actual bit length 9 differs from formal bit length 8 for port 'X11_imag' [C:/Users/Praveen/Downloads/dft_32_point.v:293]
WARNING: [VRFC 10-3091] actual bit length 9 differs from formal bit length 8 for port 'X12_real' [C:/Users/Praveen/Downloads/dft_32_point.v:294]
WARNING: [VRFC 10-3091] actual bit length 9 differs from formal bit length 8 for port 'X12_imag' [C:/Users/Praveen/Downloads/dft_32_point.v:295]
WARNING: [VRFC 10-3091] actual bit length 9 differs from formal bit length 8 for port 'X13_real' [C:/Users/Praveen/Downloads/dft_32_point.v:296]
WARNING: [VRFC 10-3091] actual bit length 9 differs from formal bit length 8 for port 'X13_imag' [C:/Users/Praveen/Downloads/dft_32_point.v:297]
WARNING: [VRFC 10-3091] actual bit length 9 differs from formal bit length 8 for port 'X14_real' [C:/Users/Praveen/Downloads/dft_32_point.v:298]
WARNING: [VRFC 10-3091] actual bit length 9 differs from formal bit length 8 for port 'X14_imag' [C:/Users/Praveen/Downloads/dft_32_point.v:299]
WARNING: [VRFC 10-3091] actual bit length 9 differs from formal bit length 8 for port 'X15_real' [C:/Users/Praveen/Downloads/dft_32_point.v:300]
WARNING: [VRFC 10-3091] actual bit length 9 differs from formal bit length 8 for port 'X15_imag' [C:/Users/Praveen/Downloads/dft_32_point.v:301]
WARNING: [VRFC 10-3091] actual bit length 9 differs from formal bit length 8 for port 'X0_real' [C:/Users/Praveen/Downloads/dft_32_point.v:781]
WARNING: [VRFC 10-3091] actual bit length 9 differs from formal bit length 8 for port 'X0_imag' [C:/Users/Praveen/Downloads/dft_32_point.v:782]
WARNING: [VRFC 10-3091] actual bit length 9 differs from formal bit length 8 for port 'X1_real' [C:/Users/Praveen/Downloads/dft_32_point.v:783]
WARNING: [VRFC 10-3091] actual bit length 9 differs from formal bit length 8 for port 'X1_imag' [C:/Users/Praveen/Downloads/dft_32_point.v:784]
WARNING: [VRFC 10-3091] actual bit length 9 differs from formal bit length 8 for port 'X2_real' [C:/Users/Praveen/Downloads/dft_32_point.v:785]
WARNING: [VRFC 10-3091] actual bit length 9 differs from formal bit length 8 for port 'X2_imag' [C:/Users/Praveen/Downloads/dft_32_point.v:786]
WARNING: [VRFC 10-3091] actual bit length 9 differs from formal bit length 8 for port 'X3_real' [C:/Users/Praveen/Downloads/dft_32_point.v:787]
WARNING: [VRFC 10-3091] actual bit length 9 differs from formal bit length 8 for port 'X3_imag' [C:/Users/Praveen/Downloads/dft_32_point.v:788]
WARNING: [VRFC 10-3091] actual bit length 9 differs from formal bit length 8 for port 'X4_real' [C:/Users/Praveen/Downloads/dft_32_point.v:789]
WARNING: [VRFC 10-3091] actual bit length 9 differs from formal bit length 8 for port 'X4_imag' [C:/Users/Praveen/Downloads/dft_32_point.v:790]
WARNING: [VRFC 10-3091] actual bit length 9 differs from formal bit length 8 for port 'X5_real' [C:/Users/Praveen/Downloads/dft_32_point.v:791]
WARNING: [VRFC 10-3091] actual bit length 9 differs from formal bit length 8 for port 'X5_imag' [C:/Users/Praveen/Downloads/dft_32_point.v:792]
WARNING: [VRFC 10-3091] actual bit length 9 differs from formal bit length 8 for port 'X6_real' [C:/Users/Praveen/Downloads/dft_32_point.v:793]
WARNING: [VRFC 10-3091] actual bit length 9 differs from formal bit length 8 for port 'X6_imag' [C:/Users/Praveen/Downloads/dft_32_point.v:794]
WARNING: [VRFC 10-3091] actual bit length 9 differs from formal bit length 8 for port 'X7_real' [C:/Users/Praveen/Downloads/dft_32_point.v:795]
WARNING: [VRFC 10-3091] actual bit length 9 differs from formal bit length 8 for port 'X7_imag' [C:/Users/Praveen/Downloads/dft_32_point.v:796]
WARNING: [VRFC 10-3091] actual bit length 9 differs from formal bit length 8 for port 'X0_real' [C:/Users/Praveen/Downloads/dft_32_point.v:1063]
WARNING: [VRFC 10-3091] actual bit length 9 differs from formal bit length 8 for port 'X0_imag' [C:/Users/Praveen/Downloads/dft_32_point.v:1064]
WARNING: [VRFC 10-3091] actual bit length 9 differs from formal bit length 8 for port 'X1_real' [C:/Users/Praveen/Downloads/dft_32_point.v:1065]
WARNING: [VRFC 10-3091] actual bit length 9 differs from formal bit length 8 for port 'X1_imag' [C:/Users/Praveen/Downloads/dft_32_point.v:1066]
WARNING: [VRFC 10-3091] actual bit length 9 differs from formal bit length 8 for port 'X2_real' [C:/Users/Praveen/Downloads/dft_32_point.v:1067]
WARNING: [VRFC 10-3091] actual bit length 9 differs from formal bit length 8 for port 'X2_imag' [C:/Users/Praveen/Downloads/dft_32_point.v:1068]
WARNING: [VRFC 10-3091] actual bit length 9 differs from formal bit length 8 for port 'X3_real' [C:/Users/Praveen/Downloads/dft_32_point.v:1069]
WARNING: [VRFC 10-3091] actual bit length 9 differs from formal bit length 8 for port 'X3_imag' [C:/Users/Praveen/Downloads/dft_32_point.v:1070]
WARNING: [VRFC 10-3091] actual bit length 9 differs from formal bit length 8 for port 'X0_real' [C:/Users/Praveen/Downloads/dft_32_point.v:1211]
WARNING: [VRFC 10-3091] actual bit length 9 differs from formal bit length 8 for port 'X0_imag' [C:/Users/Praveen/Downloads/dft_32_point.v:1212]
WARNING: [VRFC 10-3091] actual bit length 9 differs from formal bit length 8 for port 'X1_real' [C:/Users/Praveen/Downloads/dft_32_point.v:1213]
WARNING: [VRFC 10-3091] actual bit length 9 differs from formal bit length 8 for port 'X1_imag' [C:/Users/Praveen/Downloads/dft_32_point.v:1214]
WARNING: [VRFC 10-3091] actual bit length 9 differs from formal bit length 8 for port 'X0_real' [C:/Users/Praveen/Downloads/dft_32_point.v:1223]
WARNING: [VRFC 10-3091] actual bit length 9 differs from formal bit length 8 for port 'X0_imag' [C:/Users/Praveen/Downloads/dft_32_point.v:1224]
WARNING: [VRFC 10-3091] actual bit length 9 differs from formal bit length 8 for port 'X1_real' [C:/Users/Praveen/Downloads/dft_32_point.v:1225]
WARNING: [VRFC 10-3091] actual bit length 9 differs from formal bit length 8 for port 'X1_imag' [C:/Users/Praveen/Downloads/dft_32_point.v:1226]
WARNING: [VRFC 10-3091] actual bit length 9 differs from formal bit length 8 for port 'x0_real' [C:/Users/Praveen/Downloads/dft_32_point.v:1231]
WARNING: [VRFC 10-3091] actual bit length 9 differs from formal bit length 8 for port 'x0_imag' [C:/Users/Praveen/Downloads/dft_32_point.v:1232]
WARNING: [VRFC 10-3091] actual bit length 9 differs from formal bit length 8 for port 'X0_real' [C:/Users/Praveen/Downloads/dft_32_point.v:1235]
WARNING: [VRFC 10-3091] actual bit length 9 differs from formal bit length 8 for port 'X0_imag' [C:/Users/Praveen/Downloads/dft_32_point.v:1236]
WARNING: [VRFC 10-3091] actual bit length 9 differs from formal bit length 8 for port 'x0_real' [C:/Users/Praveen/Downloads/dft_32_point.v:1241]
WARNING: [VRFC 10-3091] actual bit length 9 differs from formal bit length 8 for port 'x0_imag' [C:/Users/Praveen/Downloads/dft_32_point.v:1242]
WARNING: [VRFC 10-3091] actual bit length 9 differs from formal bit length 8 for port 'x1_real' [C:/Users/Praveen/Downloads/dft_32_point.v:1243]
WARNING: [VRFC 10-3091] actual bit length 9 differs from formal bit length 8 for port 'x1_imag' [C:/Users/Praveen/Downloads/dft_32_point.v:1244]
WARNING: [VRFC 10-3091] actual bit length 9 differs from formal bit length 8 for port 'x0_real' [C:/Users/Praveen/Downloads/dft_32_point.v:1253]
WARNING: [VRFC 10-3091] actual bit length 9 differs from formal bit length 8 for port 'x0_imag' [C:/Users/Praveen/Downloads/dft_32_point.v:1254]
WARNING: [VRFC 10-3091] actual bit length 9 differs from formal bit length 8 for port 'x1_real' [C:/Users/Praveen/Downloads/dft_32_point.v:1255]
WARNING: [VRFC 10-3091] actual bit length 9 differs from formal bit length 8 for port 'x1_imag' [C:/Users/Praveen/Downloads/dft_32_point.v:1256]
WARNING: [VRFC 10-3091] actual bit length 9 differs from formal bit length 8 for port 'X0_real' [C:/Users/Praveen/Downloads/dft_32_point.v:1083]
WARNING: [VRFC 10-3091] actual bit length 9 differs from formal bit length 8 for port 'X0_imag' [C:/Users/Praveen/Downloads/dft_32_point.v:1084]
WARNING: [VRFC 10-3091] actual bit length 9 differs from formal bit length 8 for port 'X1_real' [C:/Users/Praveen/Downloads/dft_32_point.v:1085]
WARNING: [VRFC 10-3091] actual bit length 9 differs from formal bit length 8 for port 'X1_imag' [C:/Users/Praveen/Downloads/dft_32_point.v:1086]
WARNING: [VRFC 10-3091] actual bit length 9 differs from formal bit length 8 for port 'X2_real' [C:/Users/Praveen/Downloads/dft_32_point.v:1087]
WARNING: [VRFC 10-3091] actual bit length 9 differs from formal bit length 8 for port 'X2_imag' [C:/Users/Praveen/Downloads/dft_32_point.v:1088]
WARNING: [VRFC 10-3091] actual bit length 9 differs from formal bit length 8 for port 'X3_real' [C:/Users/Praveen/Downloads/dft_32_point.v:1089]
WARNING: [VRFC 10-3091] actual bit length 9 differs from formal bit length 8 for port 'X3_imag' [C:/Users/Praveen/Downloads/dft_32_point.v:1090]
WARNING: [VRFC 10-3091] actual bit length 9 differs from formal bit length 8 for port 'x0_real' [C:/Users/Praveen/Downloads/dft_32_point.v:1096]
WARNING: [VRFC 10-3091] actual bit length 9 differs from formal bit length 8 for port 'x0_imag' [C:/Users/Praveen/Downloads/dft_32_point.v:1097]
WARNING: [VRFC 10-3091] actual bit length 9 differs from formal bit length 8 for port 'X0_real' [C:/Users/Praveen/Downloads/dft_32_point.v:1100]
WARNING: [VRFC 10-3091] actual bit length 9 differs from formal bit length 8 for port 'X0_imag' [C:/Users/Praveen/Downloads/dft_32_point.v:1101]
WARNING: [VRFC 10-3091] actual bit length 9 differs from formal bit length 8 for port 'x0_real' [C:/Users/Praveen/Downloads/dft_32_point.v:1106]
WARNING: [VRFC 10-3091] actual bit length 9 differs from formal bit length 8 for port 'x0_imag' [C:/Users/Praveen/Downloads/dft_32_point.v:1107]
WARNING: [VRFC 10-3091] actual bit length 9 differs from formal bit length 8 for port 'X0_real' [C:/Users/Praveen/Downloads/dft_32_point.v:1110]
WARNING: [VRFC 10-3091] actual bit length 9 differs from formal bit length 8 for port 'X0_imag' [C:/Users/Praveen/Downloads/dft_32_point.v:1111]
WARNING: [VRFC 10-3091] actual bit length 9 differs from formal bit length 8 for port 'x0_real' [C:/Users/Praveen/Downloads/dft_32_point.v:1116]
WARNING: [VRFC 10-3091] actual bit length 9 differs from formal bit length 8 for port 'x0_imag' [C:/Users/Praveen/Downloads/dft_32_point.v:1117]
WARNING: [VRFC 10-3091] actual bit length 9 differs from formal bit length 8 for port 'X0_real' [C:/Users/Praveen/Downloads/dft_32_point.v:1120]
WARNING: [VRFC 10-3091] actual bit length 9 differs from formal bit length 8 for port 'X0_imag' [C:/Users/Praveen/Downloads/dft_32_point.v:1121]
WARNING: [VRFC 10-3091] actual bit length 9 differs from formal bit length 8 for port 'x0_real' [C:/Users/Praveen/Downloads/dft_32_point.v:1126]
WARNING: [VRFC 10-3091] actual bit length 9 differs from formal bit length 8 for port 'x0_imag' [C:/Users/Praveen/Downloads/dft_32_point.v:1127]
WARNING: [VRFC 10-3091] actual bit length 9 differs from formal bit length 8 for port 'x1_real' [C:/Users/Praveen/Downloads/dft_32_point.v:1128]
WARNING: [VRFC 10-3091] actual bit length 9 differs from formal bit length 8 for port 'x1_imag' [C:/Users/Praveen/Downloads/dft_32_point.v:1129]
WARNING: [VRFC 10-3091] actual bit length 9 differs from formal bit length 8 for port 'x0_real' [C:/Users/Praveen/Downloads/dft_32_point.v:1139]
WARNING: [VRFC 10-3091] actual bit length 9 differs from formal bit length 8 for port 'x0_imag' [C:/Users/Praveen/Downloads/dft_32_point.v:1140]
WARNING: [VRFC 10-3091] actual bit length 9 differs from formal bit length 8 for port 'x1_real' [C:/Users/Praveen/Downloads/dft_32_point.v:1141]
WARNING: [VRFC 10-3091] actual bit length 9 differs from formal bit length 8 for port 'x1_imag' [C:/Users/Praveen/Downloads/dft_32_point.v:1142]
WARNING: [VRFC 10-3091] actual bit length 9 differs from formal bit length 8 for port 'x0_real' [C:/Users/Praveen/Downloads/dft_32_point.v:1151]
WARNING: [VRFC 10-3091] actual bit length 9 differs from formal bit length 8 for port 'x0_imag' [C:/Users/Praveen/Downloads/dft_32_point.v:1152]
WARNING: [VRFC 10-3091] actual bit length 9 differs from formal bit length 8 for port 'x1_real' [C:/Users/Praveen/Downloads/dft_32_point.v:1153]
WARNING: [VRFC 10-3091] actual bit length 9 differs from formal bit length 8 for port 'x1_imag' [C:/Users/Praveen/Downloads/dft_32_point.v:1154]
WARNING: [VRFC 10-3091] actual bit length 9 differs from formal bit length 8 for port 'x0_real' [C:/Users/Praveen/Downloads/dft_32_point.v:1162]
WARNING: [VRFC 10-3091] actual bit length 9 differs from formal bit length 8 for port 'x0_imag' [C:/Users/Praveen/Downloads/dft_32_point.v:1163]
WARNING: [VRFC 10-3091] actual bit length 9 differs from formal bit length 8 for port 'x1_real' [C:/Users/Praveen/Downloads/dft_32_point.v:1164]
WARNING: [VRFC 10-3091] actual bit length 9 differs from formal bit length 8 for port 'x1_imag' [C:/Users/Praveen/Downloads/dft_32_point.v:1165]
WARNING: [VRFC 10-3091] actual bit length 9 differs from formal bit length 8 for port 'X0_real' [C:/Users/Praveen/Downloads/dft_32_point.v:818]
WARNING: [VRFC 10-3091] actual bit length 9 differs from formal bit length 8 for port 'X0_imag' [C:/Users/Praveen/Downloads/dft_32_point.v:819]
WARNING: [VRFC 10-3091] actual bit length 9 differs from formal bit length 8 for port 'X1_real' [C:/Users/Praveen/Downloads/dft_32_point.v:820]
WARNING: [VRFC 10-3091] actual bit length 9 differs from formal bit length 8 for port 'X1_imag' [C:/Users/Praveen/Downloads/dft_32_point.v:821]
WARNING: [VRFC 10-3091] actual bit length 9 differs from formal bit length 8 for port 'X2_real' [C:/Users/Praveen/Downloads/dft_32_point.v:822]
WARNING: [VRFC 10-3091] actual bit length 9 differs from formal bit length 8 for port 'X2_imag' [C:/Users/Praveen/Downloads/dft_32_point.v:823]
WARNING: [VRFC 10-3091] actual bit length 9 differs from formal bit length 8 for port 'X3_real' [C:/Users/Praveen/Downloads/dft_32_point.v:824]
WARNING: [VRFC 10-3091] actual bit length 9 differs from formal bit length 8 for port 'X3_imag' [C:/Users/Praveen/Downloads/dft_32_point.v:825]
WARNING: [VRFC 10-3091] actual bit length 9 differs from formal bit length 8 for port 'X4_real' [C:/Users/Praveen/Downloads/dft_32_point.v:826]
WARNING: [VRFC 10-3091] actual bit length 9 differs from formal bit length 8 for port 'X4_imag' [C:/Users/Praveen/Downloads/dft_32_point.v:827]
WARNING: [VRFC 10-3091] actual bit length 9 differs from formal bit length 8 for port 'X5_real' [C:/Users/Praveen/Downloads/dft_32_point.v:828]
WARNING: [VRFC 10-3091] actual bit length 9 differs from formal bit length 8 for port 'X5_imag' [C:/Users/Praveen/Downloads/dft_32_point.v:829]
WARNING: [VRFC 10-3091] actual bit length 9 differs from formal bit length 8 for port 'X6_real' [C:/Users/Praveen/Downloads/dft_32_point.v:830]
WARNING: [VRFC 10-3091] actual bit length 9 differs from formal bit length 8 for port 'X6_imag' [C:/Users/Praveen/Downloads/dft_32_point.v:831]
WARNING: [VRFC 10-3091] actual bit length 9 differs from formal bit length 8 for port 'X7_real' [C:/Users/Praveen/Downloads/dft_32_point.v:832]
WARNING: [VRFC 10-3091] actual bit length 9 differs from formal bit length 8 for port 'X7_imag' [C:/Users/Praveen/Downloads/dft_32_point.v:833]
WARNING: [VRFC 10-3091] actual bit length 9 differs from formal bit length 8 for port 'x0_real' [C:/Users/Praveen/Downloads/dft_32_point.v:838]
WARNING: [VRFC 10-3091] actual bit length 9 differs from formal bit length 8 for port 'x0_imag' [C:/Users/Praveen/Downloads/dft_32_point.v:839]
WARNING: [VRFC 10-3091] actual bit length 9 differs from formal bit length 8 for port 'X0_real' [C:/Users/Praveen/Downloads/dft_32_point.v:842]
WARNING: [VRFC 10-3091] actual bit length 9 differs from formal bit length 8 for port 'X0_imag' [C:/Users/Praveen/Downloads/dft_32_point.v:843]
WARNING: [VRFC 10-3091] actual bit length 9 differs from formal bit length 8 for port 'x0_real' [C:/Users/Praveen/Downloads/dft_32_point.v:847]
WARNING: [VRFC 10-3091] actual bit length 9 differs from formal bit length 8 for port 'x0_imag' [C:/Users/Praveen/Downloads/dft_32_point.v:848]
WARNING: [VRFC 10-3091] actual bit length 9 differs from formal bit length 8 for port 'X0_real' [C:/Users/Praveen/Downloads/dft_32_point.v:851]
WARNING: [VRFC 10-3091] actual bit length 9 differs from formal bit length 8 for port 'X0_imag' [C:/Users/Praveen/Downloads/dft_32_point.v:852]
WARNING: [VRFC 10-3091] actual bit length 9 differs from formal bit length 8 for port 'x0_real' [C:/Users/Praveen/Downloads/dft_32_point.v:856]
WARNING: [VRFC 10-3091] actual bit length 9 differs from formal bit length 8 for port 'x0_imag' [C:/Users/Praveen/Downloads/dft_32_point.v:857]
WARNING: [VRFC 10-3091] actual bit length 9 differs from formal bit length 8 for port 'X0_real' [C:/Users/Praveen/Downloads/dft_32_point.v:860]
WARNING: [VRFC 10-3091] actual bit length 9 differs from formal bit length 8 for port 'X0_imag' [C:/Users/Praveen/Downloads/dft_32_point.v:861]
WARNING: [VRFC 10-3091] actual bit length 9 differs from formal bit length 8 for port 'x0_real' [C:/Users/Praveen/Downloads/dft_32_point.v:865]
WARNING: [VRFC 10-3091] actual bit length 9 differs from formal bit length 8 for port 'x0_imag' [C:/Users/Praveen/Downloads/dft_32_point.v:866]
WARNING: [VRFC 10-3091] actual bit length 9 differs from formal bit length 8 for port 'X0_real' [C:/Users/Praveen/Downloads/dft_32_point.v:869]
WARNING: [VRFC 10-3091] actual bit length 9 differs from formal bit length 8 for port 'X0_imag' [C:/Users/Praveen/Downloads/dft_32_point.v:870]
WARNING: [VRFC 10-3091] actual bit length 9 differs from formal bit length 8 for port 'x0_real' [C:/Users/Praveen/Downloads/dft_32_point.v:874]
WARNING: [VRFC 10-3091] actual bit length 9 differs from formal bit length 8 for port 'x0_imag' [C:/Users/Praveen/Downloads/dft_32_point.v:875]
WARNING: [VRFC 10-3091] actual bit length 9 differs from formal bit length 8 for port 'X0_real' [C:/Users/Praveen/Downloads/dft_32_point.v:878]
WARNING: [VRFC 10-3091] actual bit length 9 differs from formal bit length 8 for port 'X0_imag' [C:/Users/Praveen/Downloads/dft_32_point.v:879]
WARNING: [VRFC 10-3091] actual bit length 9 differs from formal bit length 8 for port 'x0_real' [C:/Users/Praveen/Downloads/dft_32_point.v:883]
WARNING: [VRFC 10-3091] actual bit length 9 differs from formal bit length 8 for port 'x0_imag' [C:/Users/Praveen/Downloads/dft_32_point.v:884]
WARNING: [VRFC 10-3091] actual bit length 9 differs from formal bit length 8 for port 'X0_real' [C:/Users/Praveen/Downloads/dft_32_point.v:887]
WARNING: [VRFC 10-3091] actual bit length 9 differs from formal bit length 8 for port 'X0_imag' [C:/Users/Praveen/Downloads/dft_32_point.v:888]
WARNING: [VRFC 10-3091] actual bit length 9 differs from formal bit length 8 for port 'x0_real' [C:/Users/Praveen/Downloads/dft_32_point.v:892]
WARNING: [VRFC 10-3091] actual bit length 9 differs from formal bit length 8 for port 'x0_imag' [C:/Users/Praveen/Downloads/dft_32_point.v:893]
WARNING: [VRFC 10-3091] actual bit length 9 differs from formal bit length 8 for port 'X0_real' [C:/Users/Praveen/Downloads/dft_32_point.v:896]
WARNING: [VRFC 10-3091] actual bit length 9 differs from formal bit length 8 for port 'X0_imag' [C:/Users/Praveen/Downloads/dft_32_point.v:897]
WARNING: [VRFC 10-3091] actual bit length 9 differs from formal bit length 8 for port 'x0_real' [C:/Users/Praveen/Downloads/dft_32_point.v:903]
WARNING: [VRFC 10-3091] actual bit length 9 differs from formal bit length 8 for port 'x0_imag' [C:/Users/Praveen/Downloads/dft_32_point.v:904]
WARNING: [VRFC 10-3091] actual bit length 9 differs from formal bit length 8 for port 'x1_real' [C:/Users/Praveen/Downloads/dft_32_point.v:905]
WARNING: [VRFC 10-3091] actual bit length 9 differs from formal bit length 8 for port 'x1_imag' [C:/Users/Praveen/Downloads/dft_32_point.v:906]
WARNING: [VRFC 10-3091] actual bit length 9 differs from formal bit length 8 for port 'x0_real' [C:/Users/Praveen/Downloads/dft_32_point.v:914]
WARNING: [VRFC 10-3091] actual bit length 9 differs from formal bit length 8 for port 'x0_imag' [C:/Users/Praveen/Downloads/dft_32_point.v:915]
WARNING: [VRFC 10-3091] actual bit length 9 differs from formal bit length 8 for port 'x1_real' [C:/Users/Praveen/Downloads/dft_32_point.v:916]
WARNING: [VRFC 10-3091] actual bit length 9 differs from formal bit length 8 for port 'x1_imag' [C:/Users/Praveen/Downloads/dft_32_point.v:917]
WARNING: [VRFC 10-3091] actual bit length 9 differs from formal bit length 8 for port 'x0_real' [C:/Users/Praveen/Downloads/dft_32_point.v:925]
WARNING: [VRFC 10-3091] actual bit length 9 differs from formal bit length 8 for port 'x0_imag' [C:/Users/Praveen/Downloads/dft_32_point.v:926]
WARNING: [VRFC 10-3091] actual bit length 9 differs from formal bit length 8 for port 'x1_real' [C:/Users/Praveen/Downloads/dft_32_point.v:927]
WARNING: [VRFC 10-3091] actual bit length 9 differs from formal bit length 8 for port 'x1_imag' [C:/Users/Praveen/Downloads/dft_32_point.v:928]
WARNING: [VRFC 10-3091] actual bit length 9 differs from formal bit length 8 for port 'x0_real' [C:/Users/Praveen/Downloads/dft_32_point.v:936]
WARNING: [VRFC 10-3091] actual bit length 9 differs from formal bit length 8 for port 'x0_imag' [C:/Users/Praveen/Downloads/dft_32_point.v:937]
WARNING: [VRFC 10-3091] actual bit length 9 differs from formal bit length 8 for port 'x1_real' [C:/Users/Praveen/Downloads/dft_32_point.v:938]
WARNING: [VRFC 10-3091] actual bit length 9 differs from formal bit length 8 for port 'x1_imag' [C:/Users/Praveen/Downloads/dft_32_point.v:939]
WARNING: [VRFC 10-3091] actual bit length 9 differs from formal bit length 8 for port 'x0_real' [C:/Users/Praveen/Downloads/dft_32_point.v:948]
WARNING: [VRFC 10-3091] actual bit length 9 differs from formal bit length 8 for port 'x0_imag' [C:/Users/Praveen/Downloads/dft_32_point.v:949]
WARNING: [VRFC 10-3091] actual bit length 9 differs from formal bit length 8 for port 'x1_real' [C:/Users/Praveen/Downloads/dft_32_point.v:950]
WARNING: [VRFC 10-3091] actual bit length 9 differs from formal bit length 8 for port 'x1_imag' [C:/Users/Praveen/Downloads/dft_32_point.v:951]
WARNING: [VRFC 10-3091] actual bit length 9 differs from formal bit length 8 for port 'x0_real' [C:/Users/Praveen/Downloads/dft_32_point.v:960]
WARNING: [VRFC 10-3091] actual bit length 9 differs from formal bit length 8 for port 'x0_imag' [C:/Users/Praveen/Downloads/dft_32_point.v:961]
WARNING: [VRFC 10-3091] actual bit length 9 differs from formal bit length 8 for port 'x1_real' [C:/Users/Praveen/Downloads/dft_32_point.v:962]
WARNING: [VRFC 10-3091] actual bit length 9 differs from formal bit length 8 for port 'x1_imag' [C:/Users/Praveen/Downloads/dft_32_point.v:963]
WARNING: [VRFC 10-3091] actual bit length 9 differs from formal bit length 8 for port 'x0_real' [C:/Users/Praveen/Downloads/dft_32_point.v:971]
WARNING: [VRFC 10-3091] actual bit length 9 differs from formal bit length 8 for port 'x0_imag' [C:/Users/Praveen/Downloads/dft_32_point.v:972]
WARNING: [VRFC 10-3091] actual bit length 9 differs from formal bit length 8 for port 'x1_real' [C:/Users/Praveen/Downloads/dft_32_point.v:973]
WARNING: [VRFC 10-3091] actual bit length 9 differs from formal bit length 8 for port 'x1_imag' [C:/Users/Praveen/Downloads/dft_32_point.v:974]
WARNING: [VRFC 10-3091] actual bit length 9 differs from formal bit length 8 for port 'x0_real' [C:/Users/Praveen/Downloads/dft_32_point.v:982]
WARNING: [VRFC 10-3091] actual bit length 9 differs from formal bit length 8 for port 'x0_imag' [C:/Users/Praveen/Downloads/dft_32_point.v:983]
WARNING: [VRFC 10-3091] actual bit length 9 differs from formal bit length 8 for port 'x1_real' [C:/Users/Praveen/Downloads/dft_32_point.v:984]
WARNING: [VRFC 10-3091] actual bit length 9 differs from formal bit length 8 for port 'x1_imag' [C:/Users/Praveen/Downloads/dft_32_point.v:985]
WARNING: [VRFC 10-3091] actual bit length 9 differs from formal bit length 8 for port 'X0_real' [C:/Users/Praveen/Downloads/dft_32_point.v:339]
WARNING: [VRFC 10-3091] actual bit length 9 differs from formal bit length 8 for port 'X0_imag' [C:/Users/Praveen/Downloads/dft_32_point.v:340]
WARNING: [VRFC 10-3091] actual bit length 9 differs from formal bit length 8 for port 'X1_real' [C:/Users/Praveen/Downloads/dft_32_point.v:341]
WARNING: [VRFC 10-3091] actual bit length 9 differs from formal bit length 8 for port 'X1_imag' [C:/Users/Praveen/Downloads/dft_32_point.v:342]
WARNING: [VRFC 10-3091] actual bit length 9 differs from formal bit length 8 for port 'X2_real' [C:/Users/Praveen/Downloads/dft_32_point.v:343]
WARNING: [VRFC 10-3091] actual bit length 9 differs from formal bit length 8 for port 'X2_imag' [C:/Users/Praveen/Downloads/dft_32_point.v:344]
WARNING: [VRFC 10-3091] actual bit length 9 differs from formal bit length 8 for port 'X3_real' [C:/Users/Praveen/Downloads/dft_32_point.v:345]
WARNING: [VRFC 10-3091] actual bit length 9 differs from formal bit length 8 for port 'X3_imag' [C:/Users/Praveen/Downloads/dft_32_point.v:346]
WARNING: [VRFC 10-3091] actual bit length 9 differs from formal bit length 8 for port 'X4_real' [C:/Users/Praveen/Downloads/dft_32_point.v:347]
WARNING: [VRFC 10-3091] actual bit length 9 differs from formal bit length 8 for port 'X4_imag' [C:/Users/Praveen/Downloads/dft_32_point.v:348]
WARNING: [VRFC 10-3091] actual bit length 9 differs from formal bit length 8 for port 'X5_real' [C:/Users/Praveen/Downloads/dft_32_point.v:349]
WARNING: [VRFC 10-3091] actual bit length 9 differs from formal bit length 8 for port 'X5_imag' [C:/Users/Praveen/Downloads/dft_32_point.v:350]
WARNING: [VRFC 10-3091] actual bit length 9 differs from formal bit length 8 for port 'X6_real' [C:/Users/Praveen/Downloads/dft_32_point.v:351]
WARNING: [VRFC 10-3091] actual bit length 9 differs from formal bit length 8 for port 'X6_imag' [C:/Users/Praveen/Downloads/dft_32_point.v:352]
WARNING: [VRFC 10-3091] actual bit length 9 differs from formal bit length 8 for port 'X7_real' [C:/Users/Praveen/Downloads/dft_32_point.v:353]
WARNING: [VRFC 10-3091] actual bit length 9 differs from formal bit length 8 for port 'X7_imag' [C:/Users/Praveen/Downloads/dft_32_point.v:354]
WARNING: [VRFC 10-3091] actual bit length 9 differs from formal bit length 8 for port 'X8_real' [C:/Users/Praveen/Downloads/dft_32_point.v:355]
WARNING: [VRFC 10-3091] actual bit length 9 differs from formal bit length 8 for port 'X8_imag' [C:/Users/Praveen/Downloads/dft_32_point.v:356]
WARNING: [VRFC 10-3091] actual bit length 9 differs from formal bit length 8 for port 'X9_real' [C:/Users/Praveen/Downloads/dft_32_point.v:357]
WARNING: [VRFC 10-3091] actual bit length 9 differs from formal bit length 8 for port 'X9_imag' [C:/Users/Praveen/Downloads/dft_32_point.v:358]
WARNING: [VRFC 10-3091] actual bit length 9 differs from formal bit length 8 for port 'X10_real' [C:/Users/Praveen/Downloads/dft_32_point.v:359]
WARNING: [VRFC 10-3091] actual bit length 9 differs from formal bit length 8 for port 'X10_imag' [C:/Users/Praveen/Downloads/dft_32_point.v:360]
WARNING: [VRFC 10-3091] actual bit length 9 differs from formal bit length 8 for port 'X11_real' [C:/Users/Praveen/Downloads/dft_32_point.v:361]
WARNING: [VRFC 10-3091] actual bit length 9 differs from formal bit length 8 for port 'X11_imag' [C:/Users/Praveen/Downloads/dft_32_point.v:362]
WARNING: [VRFC 10-3091] actual bit length 9 differs from formal bit length 8 for port 'X12_real' [C:/Users/Praveen/Downloads/dft_32_point.v:363]
WARNING: [VRFC 10-3091] actual bit length 9 differs from formal bit length 8 for port 'X12_imag' [C:/Users/Praveen/Downloads/dft_32_point.v:364]
WARNING: [VRFC 10-3091] actual bit length 9 differs from formal bit length 8 for port 'X13_real' [C:/Users/Praveen/Downloads/dft_32_point.v:365]
WARNING: [VRFC 10-3091] actual bit length 9 differs from formal bit length 8 for port 'X13_imag' [C:/Users/Praveen/Downloads/dft_32_point.v:366]
WARNING: [VRFC 10-3091] actual bit length 9 differs from formal bit length 8 for port 'X14_real' [C:/Users/Praveen/Downloads/dft_32_point.v:367]
WARNING: [VRFC 10-3091] actual bit length 9 differs from formal bit length 8 for port 'X14_imag' [C:/Users/Praveen/Downloads/dft_32_point.v:368]
WARNING: [VRFC 10-3091] actual bit length 9 differs from formal bit length 8 for port 'X15_real' [C:/Users/Praveen/Downloads/dft_32_point.v:369]
WARNING: [VRFC 10-3091] actual bit length 9 differs from formal bit length 8 for port 'X15_imag' [C:/Users/Praveen/Downloads/dft_32_point.v:370]
WARNING: [VRFC 10-3091] actual bit length 9 differs from formal bit length 8 for port 'x1_real' [C:/Users/Praveen/Downloads/dft_32_point.v:376]
WARNING: [VRFC 10-3091] actual bit length 9 differs from formal bit length 8 for port 'x1_imag' [C:/Users/Praveen/Downloads/dft_32_point.v:377]
WARNING: [VRFC 10-3091] actual bit length 9 differs from formal bit length 8 for port 'x2_real' [C:/Users/Praveen/Downloads/dft_32_point.v:378]
WARNING: [VRFC 10-3091] actual bit length 9 differs from formal bit length 8 for port 'x2_imag' [C:/Users/Praveen/Downloads/dft_32_point.v:379]
WARNING: [VRFC 10-3091] actual bit length 9 differs from formal bit length 8 for port 'x3_real' [C:/Users/Praveen/Downloads/dft_32_point.v:380]
WARNING: [VRFC 10-3091] actual bit length 9 differs from formal bit length 8 for port 'x3_imag' [C:/Users/Praveen/Downloads/dft_32_point.v:381]
WARNING: [VRFC 10-3091] actual bit length 9 differs from formal bit length 8 for port 'x4_real' [C:/Users/Praveen/Downloads/dft_32_point.v:382]
WARNING: [VRFC 10-3091] actual bit length 9 differs from formal bit length 8 for port 'x4_imag' [C:/Users/Praveen/Downloads/dft_32_point.v:383]
WARNING: [VRFC 10-3091] actual bit length 9 differs from formal bit length 8 for port 'x5_real' [C:/Users/Praveen/Downloads/dft_32_point.v:384]
WARNING: [VRFC 10-3091] actual bit length 9 differs from formal bit length 8 for port 'x5_imag' [C:/Users/Praveen/Downloads/dft_32_point.v:385]
WARNING: [VRFC 10-3091] actual bit length 9 differs from formal bit length 8 for port 'x6_real' [C:/Users/Praveen/Downloads/dft_32_point.v:386]
WARNING: [VRFC 10-3091] actual bit length 9 differs from formal bit length 8 for port 'x6_imag' [C:/Users/Praveen/Downloads/dft_32_point.v:387]
WARNING: [VRFC 10-3091] actual bit length 9 differs from formal bit length 8 for port 'x7_real' [C:/Users/Praveen/Downloads/dft_32_point.v:388]
WARNING: [VRFC 10-3091] actual bit length 9 differs from formal bit length 8 for port 'x7_imag' [C:/Users/Praveen/Downloads/dft_32_point.v:389]
WARNING: [VRFC 10-3091] actual bit length 9 differs from formal bit length 8 for port 'x8_real' [C:/Users/Praveen/Downloads/dft_32_point.v:390]
WARNING: [VRFC 10-3091] actual bit length 9 differs from formal bit length 8 for port 'x8_imag' [C:/Users/Praveen/Downloads/dft_32_point.v:391]
WARNING: [VRFC 10-3091] actual bit length 9 differs from formal bit length 8 for port 'x9_real' [C:/Users/Praveen/Downloads/dft_32_point.v:392]
WARNING: [VRFC 10-3091] actual bit length 9 differs from formal bit length 8 for port 'x9_imag' [C:/Users/Praveen/Downloads/dft_32_point.v:393]
WARNING: [VRFC 10-3091] actual bit length 9 differs from formal bit length 8 for port 'x10_real' [C:/Users/Praveen/Downloads/dft_32_point.v:394]
WARNING: [VRFC 10-3091] actual bit length 9 differs from formal bit length 8 for port 'x10_imag' [C:/Users/Praveen/Downloads/dft_32_point.v:395]
WARNING: [VRFC 10-3091] actual bit length 9 differs from formal bit length 8 for port 'x11_real' [C:/Users/Praveen/Downloads/dft_32_point.v:396]
WARNING: [VRFC 10-3091] actual bit length 9 differs from formal bit length 8 for port 'x11_imag' [C:/Users/Praveen/Downloads/dft_32_point.v:397]
WARNING: [VRFC 10-3091] actual bit length 9 differs from formal bit length 8 for port 'x12_real' [C:/Users/Praveen/Downloads/dft_32_point.v:398]
WARNING: [VRFC 10-3091] actual bit length 9 differs from formal bit length 8 for port 'x12_imag' [C:/Users/Praveen/Downloads/dft_32_point.v:399]
WARNING: [VRFC 10-3091] actual bit length 9 differs from formal bit length 8 for port 'x13_real' [C:/Users/Praveen/Downloads/dft_32_point.v:400]
WARNING: [VRFC 10-3091] actual bit length 9 differs from formal bit length 8 for port 'x13_imag' [C:/Users/Praveen/Downloads/dft_32_point.v:401]
WARNING: [VRFC 10-3091] actual bit length 9 differs from formal bit length 8 for port 'x14_real' [C:/Users/Praveen/Downloads/dft_32_point.v:402]
WARNING: [VRFC 10-3091] actual bit length 9 differs from formal bit length 8 for port 'x14_imag' [C:/Users/Praveen/Downloads/dft_32_point.v:403]
WARNING: [VRFC 10-3091] actual bit length 9 differs from formal bit length 8 for port 'x15_real' [C:/Users/Praveen/Downloads/dft_32_point.v:404]
WARNING: [VRFC 10-3091] actual bit length 9 differs from formal bit length 8 for port 'x15_imag' [C:/Users/Praveen/Downloads/dft_32_point.v:405]
WARNING: [VRFC 10-3091] actual bit length 9 differs from formal bit length 8 for port 'X1_real' [C:/Users/Praveen/Downloads/dft_32_point.v:407]
WARNING: [VRFC 10-3091] actual bit length 9 differs from formal bit length 8 for port 'X1_imag' [C:/Users/Praveen/Downloads/dft_32_point.v:408]
WARNING: [VRFC 10-3091] actual bit length 9 differs from formal bit length 8 for port 'X2_real' [C:/Users/Praveen/Downloads/dft_32_point.v:409]
WARNING: [VRFC 10-3091] actual bit length 9 differs from formal bit length 8 for port 'X2_imag' [C:/Users/Praveen/Downloads/dft_32_point.v:410]
WARNING: [VRFC 10-3091] actual bit length 9 differs from formal bit length 8 for port 'X3_real' [C:/Users/Praveen/Downloads/dft_32_point.v:411]
WARNING: [VRFC 10-3091] actual bit length 9 differs from formal bit length 8 for port 'X3_imag' [C:/Users/Praveen/Downloads/dft_32_point.v:412]
WARNING: [VRFC 10-3091] actual bit length 9 differs from formal bit length 8 for port 'X4_real' [C:/Users/Praveen/Downloads/dft_32_point.v:413]
WARNING: [VRFC 10-3091] actual bit length 9 differs from formal bit length 8 for port 'X4_imag' [C:/Users/Praveen/Downloads/dft_32_point.v:414]
WARNING: [VRFC 10-3091] actual bit length 9 differs from formal bit length 8 for port 'X5_real' [C:/Users/Praveen/Downloads/dft_32_point.v:415]
WARNING: [VRFC 10-3091] actual bit length 9 differs from formal bit length 8 for port 'X5_imag' [C:/Users/Praveen/Downloads/dft_32_point.v:416]
WARNING: [VRFC 10-3091] actual bit length 9 differs from formal bit length 8 for port 'X6_real' [C:/Users/Praveen/Downloads/dft_32_point.v:417]
WARNING: [VRFC 10-3091] actual bit length 9 differs from formal bit length 8 for port 'X6_imag' [C:/Users/Praveen/Downloads/dft_32_point.v:418]
WARNING: [VRFC 10-3091] actual bit length 9 differs from formal bit length 8 for port 'X7_real' [C:/Users/Praveen/Downloads/dft_32_point.v:419]
WARNING: [VRFC 10-3091] actual bit length 9 differs from formal bit length 8 for port 'X7_imag' [C:/Users/Praveen/Downloads/dft_32_point.v:420]
WARNING: [VRFC 10-3091] actual bit length 9 differs from formal bit length 8 for port 'X8_real' [C:/Users/Praveen/Downloads/dft_32_point.v:421]
WARNING: [VRFC 10-3091] actual bit length 9 differs from formal bit length 8 for port 'X8_imag' [C:/Users/Praveen/Downloads/dft_32_point.v:422]
WARNING: [VRFC 10-3091] actual bit length 9 differs from formal bit length 8 for port 'X9_real' [C:/Users/Praveen/Downloads/dft_32_point.v:423]
WARNING: [VRFC 10-3091] actual bit length 9 differs from formal bit length 8 for port 'X9_imag' [C:/Users/Praveen/Downloads/dft_32_point.v:424]
WARNING: [VRFC 10-3091] actual bit length 9 differs from formal bit length 8 for port 'X10_real' [C:/Users/Praveen/Downloads/dft_32_point.v:425]
WARNING: [VRFC 10-3091] actual bit length 9 differs from formal bit length 8 for port 'X10_imag' [C:/Users/Praveen/Downloads/dft_32_point.v:426]
WARNING: [VRFC 10-3091] actual bit length 9 differs from formal bit length 8 for port 'X11_real' [C:/Users/Praveen/Downloads/dft_32_point.v:427]
WARNING: [VRFC 10-3091] actual bit length 9 differs from formal bit length 8 for port 'X11_imag' [C:/Users/Praveen/Downloads/dft_32_point.v:428]
WARNING: [VRFC 10-3091] actual bit length 9 differs from formal bit length 8 for port 'X12_real' [C:/Users/Praveen/Downloads/dft_32_point.v:429]
WARNING: [VRFC 10-3091] actual bit length 9 differs from formal bit length 8 for port 'X12_imag' [C:/Users/Praveen/Downloads/dft_32_point.v:430]
WARNING: [VRFC 10-3091] actual bit length 9 differs from formal bit length 8 for port 'X13_real' [C:/Users/Praveen/Downloads/dft_32_point.v:431]
WARNING: [VRFC 10-3091] actual bit length 9 differs from formal bit length 8 for port 'X13_imag' [C:/Users/Praveen/Downloads/dft_32_point.v:432]
WARNING: [VRFC 10-3091] actual bit length 9 differs from formal bit length 8 for port 'X14_real' [C:/Users/Praveen/Downloads/dft_32_point.v:433]
WARNING: [VRFC 10-3091] actual bit length 9 differs from formal bit length 8 for port 'X14_imag' [C:/Users/Praveen/Downloads/dft_32_point.v:434]
WARNING: [VRFC 10-3091] actual bit length 9 differs from formal bit length 8 for port 'X15_real' [C:/Users/Praveen/Downloads/dft_32_point.v:435]
WARNING: [VRFC 10-3091] actual bit length 9 differs from formal bit length 8 for port 'X15_imag' [C:/Users/Praveen/Downloads/dft_32_point.v:436]
WARNING: [VRFC 10-3091] actual bit length 9 differs from formal bit length 8 for port 'x0_real' [C:/Users/Praveen/Downloads/dft_32_point.v:442]
WARNING: [VRFC 10-3091] actual bit length 9 differs from formal bit length 8 for port 'x0_imag' [C:/Users/Praveen/Downloads/dft_32_point.v:443]
WARNING: [VRFC 10-3091] actual bit length 9 differs from formal bit length 8 for port 'x1_real' [C:/Users/Praveen/Downloads/dft_32_point.v:444]
WARNING: [VRFC 10-3091] actual bit length 9 differs from formal bit length 8 for port 'x1_imag' [C:/Users/Praveen/Downloads/dft_32_point.v:445]
WARNING: [VRFC 10-3091] actual bit length 9 differs from formal bit length 8 for port 'x0_real' [C:/Users/Praveen/Downloads/dft_32_point.v:453]
WARNING: [VRFC 10-3091] actual bit length 9 differs from formal bit length 8 for port 'x0_imag' [C:/Users/Praveen/Downloads/dft_32_point.v:454]
WARNING: [VRFC 10-3091] actual bit length 9 differs from formal bit length 8 for port 'x1_real' [C:/Users/Praveen/Downloads/dft_32_point.v:455]
WARNING: [VRFC 10-3091] actual bit length 9 differs from formal bit length 8 for port 'x1_imag' [C:/Users/Praveen/Downloads/dft_32_point.v:456]
WARNING: [VRFC 10-3091] actual bit length 9 differs from formal bit length 8 for port 'x0_real' [C:/Users/Praveen/Downloads/dft_32_point.v:464]
WARNING: [VRFC 10-3091] actual bit length 9 differs from formal bit length 8 for port 'x0_imag' [C:/Users/Praveen/Downloads/dft_32_point.v:465]
WARNING: [VRFC 10-3091] actual bit length 9 differs from formal bit length 8 for port 'x1_real' [C:/Users/Praveen/Downloads/dft_32_point.v:466]
WARNING: [VRFC 10-3091] actual bit length 9 differs from formal bit length 8 for port 'x1_imag' [C:/Users/Praveen/Downloads/dft_32_point.v:467]
WARNING: [VRFC 10-3091] actual bit length 9 differs from formal bit length 8 for port 'x0_real' [C:/Users/Praveen/Downloads/dft_32_point.v:475]
WARNING: [VRFC 10-3091] actual bit length 9 differs from formal bit length 8 for port 'x0_imag' [C:/Users/Praveen/Downloads/dft_32_point.v:476]
WARNING: [VRFC 10-3091] actual bit length 9 differs from formal bit length 8 for port 'x1_real' [C:/Users/Praveen/Downloads/dft_32_point.v:477]
WARNING: [VRFC 10-3091] actual bit length 9 differs from formal bit length 8 for port 'x1_imag' [C:/Users/Praveen/Downloads/dft_32_point.v:478]
WARNING: [VRFC 10-3091] actual bit length 9 differs from formal bit length 8 for port 'x0_real' [C:/Users/Praveen/Downloads/dft_32_point.v:487]
WARNING: [VRFC 10-3091] actual bit length 9 differs from formal bit length 8 for port 'x0_imag' [C:/Users/Praveen/Downloads/dft_32_point.v:488]
WARNING: [VRFC 10-3091] actual bit length 9 differs from formal bit length 8 for port 'x1_real' [C:/Users/Praveen/Downloads/dft_32_point.v:489]
WARNING: [VRFC 10-3091] actual bit length 9 differs from formal bit length 8 for port 'x1_imag' [C:/Users/Praveen/Downloads/dft_32_point.v:490]
WARNING: [VRFC 10-3091] actual bit length 9 differs from formal bit length 8 for port 'x0_real' [C:/Users/Praveen/Downloads/dft_32_point.v:499]
WARNING: [VRFC 10-3091] actual bit length 9 differs from formal bit length 8 for port 'x0_imag' [C:/Users/Praveen/Downloads/dft_32_point.v:500]
WARNING: [VRFC 10-3091] actual bit length 9 differs from formal bit length 8 for port 'x1_real' [C:/Users/Praveen/Downloads/dft_32_point.v:501]
WARNING: [VRFC 10-3091] actual bit length 9 differs from formal bit length 8 for port 'x1_imag' [C:/Users/Praveen/Downloads/dft_32_point.v:502]
WARNING: [VRFC 10-3091] actual bit length 9 differs from formal bit length 8 for port 'x0_real' [C:/Users/Praveen/Downloads/dft_32_point.v:510]
WARNING: [VRFC 10-3091] actual bit length 9 differs from formal bit length 8 for port 'x0_imag' [C:/Users/Praveen/Downloads/dft_32_point.v:511]
WARNING: [VRFC 10-3091] actual bit length 9 differs from formal bit length 8 for port 'x1_real' [C:/Users/Praveen/Downloads/dft_32_point.v:512]
WARNING: [VRFC 10-3091] actual bit length 9 differs from formal bit length 8 for port 'x1_imag' [C:/Users/Praveen/Downloads/dft_32_point.v:513]
WARNING: [VRFC 10-3091] actual bit length 9 differs from formal bit length 8 for port 'x0_real' [C:/Users/Praveen/Downloads/dft_32_point.v:521]
WARNING: [VRFC 10-3091] actual bit length 9 differs from formal bit length 8 for port 'x0_imag' [C:/Users/Praveen/Downloads/dft_32_point.v:522]
WARNING: [VRFC 10-3091] actual bit length 9 differs from formal bit length 8 for port 'x1_real' [C:/Users/Praveen/Downloads/dft_32_point.v:523]
WARNING: [VRFC 10-3091] actual bit length 9 differs from formal bit length 8 for port 'x1_imag' [C:/Users/Praveen/Downloads/dft_32_point.v:524]
WARNING: [VRFC 10-3091] actual bit length 9 differs from formal bit length 8 for port 'x0_real' [C:/Users/Praveen/Downloads/dft_32_point.v:534]
WARNING: [VRFC 10-3091] actual bit length 9 differs from formal bit length 8 for port 'x0_imag' [C:/Users/Praveen/Downloads/dft_32_point.v:535]
WARNING: [VRFC 10-3091] actual bit length 9 differs from formal bit length 8 for port 'x1_real' [C:/Users/Praveen/Downloads/dft_32_point.v:536]
WARNING: [VRFC 10-3091] actual bit length 9 differs from formal bit length 8 for port 'x1_imag' [C:/Users/Praveen/Downloads/dft_32_point.v:537]
WARNING: [VRFC 10-3091] actual bit length 9 differs from formal bit length 8 for port 'x0_real' [C:/Users/Praveen/Downloads/dft_32_point.v:545]
WARNING: [VRFC 10-3091] actual bit length 9 differs from formal bit length 8 for port 'x0_imag' [C:/Users/Praveen/Downloads/dft_32_point.v:546]
WARNING: [VRFC 10-3091] actual bit length 9 differs from formal bit length 8 for port 'x1_real' [C:/Users/Praveen/Downloads/dft_32_point.v:547]
WARNING: [VRFC 10-3091] actual bit length 9 differs from formal bit length 8 for port 'x1_imag' [C:/Users/Praveen/Downloads/dft_32_point.v:548]
WARNING: [VRFC 10-3091] actual bit length 9 differs from formal bit length 8 for port 'x0_real' [C:/Users/Praveen/Downloads/dft_32_point.v:556]
WARNING: [VRFC 10-3091] actual bit length 9 differs from formal bit length 8 for port 'x0_imag' [C:/Users/Praveen/Downloads/dft_32_point.v:557]
WARNING: [VRFC 10-3091] actual bit length 9 differs from formal bit length 8 for port 'x1_real' [C:/Users/Praveen/Downloads/dft_32_point.v:558]
WARNING: [VRFC 10-3091] actual bit length 9 differs from formal bit length 8 for port 'x1_imag' [C:/Users/Praveen/Downloads/dft_32_point.v:559]
WARNING: [VRFC 10-3091] actual bit length 9 differs from formal bit length 8 for port 'x0_real' [C:/Users/Praveen/Downloads/dft_32_point.v:567]
WARNING: [VRFC 10-3091] actual bit length 9 differs from formal bit length 8 for port 'x0_imag' [C:/Users/Praveen/Downloads/dft_32_point.v:568]
WARNING: [VRFC 10-3091] actual bit length 9 differs from formal bit length 8 for port 'x1_real' [C:/Users/Praveen/Downloads/dft_32_point.v:569]
WARNING: [VRFC 10-3091] actual bit length 9 differs from formal bit length 8 for port 'x1_imag' [C:/Users/Praveen/Downloads/dft_32_point.v:570]
WARNING: [VRFC 10-3091] actual bit length 9 differs from formal bit length 8 for port 'x0_real' [C:/Users/Praveen/Downloads/dft_32_point.v:579]
WARNING: [VRFC 10-3091] actual bit length 9 differs from formal bit length 8 for port 'x0_imag' [C:/Users/Praveen/Downloads/dft_32_point.v:580]
WARNING: [VRFC 10-3091] actual bit length 9 differs from formal bit length 8 for port 'x1_real' [C:/Users/Praveen/Downloads/dft_32_point.v:581]
WARNING: [VRFC 10-3091] actual bit length 9 differs from formal bit length 8 for port 'x1_imag' [C:/Users/Praveen/Downloads/dft_32_point.v:582]
WARNING: [VRFC 10-3091] actual bit length 9 differs from formal bit length 8 for port 'x0_real' [C:/Users/Praveen/Downloads/dft_32_point.v:591]
WARNING: [VRFC 10-3091] actual bit length 9 differs from formal bit length 8 for port 'x0_imag' [C:/Users/Praveen/Downloads/dft_32_point.v:592]
WARNING: [VRFC 10-3091] actual bit length 9 differs from formal bit length 8 for port 'x1_real' [C:/Users/Praveen/Downloads/dft_32_point.v:593]
WARNING: [VRFC 10-3091] actual bit length 9 differs from formal bit length 8 for port 'x1_imag' [C:/Users/Praveen/Downloads/dft_32_point.v:594]
WARNING: [VRFC 10-3091] actual bit length 9 differs from formal bit length 8 for port 'x0_real' [C:/Users/Praveen/Downloads/dft_32_point.v:602]
WARNING: [VRFC 10-3091] actual bit length 9 differs from formal bit length 8 for port 'x0_imag' [C:/Users/Praveen/Downloads/dft_32_point.v:603]
WARNING: [VRFC 10-3091] actual bit length 9 differs from formal bit length 8 for port 'x1_real' [C:/Users/Praveen/Downloads/dft_32_point.v:604]
WARNING: [VRFC 10-3091] actual bit length 9 differs from formal bit length 8 for port 'x1_imag' [C:/Users/Praveen/Downloads/dft_32_point.v:605]
WARNING: [VRFC 10-3091] actual bit length 9 differs from formal bit length 8 for port 'x0_real' [C:/Users/Praveen/Downloads/dft_32_point.v:613]
WARNING: [VRFC 10-3091] actual bit length 9 differs from formal bit length 8 for port 'x0_imag' [C:/Users/Praveen/Downloads/dft_32_point.v:614]
WARNING: [VRFC 10-3091] actual bit length 9 differs from formal bit length 8 for port 'x1_real' [C:/Users/Praveen/Downloads/dft_32_point.v:615]
WARNING: [VRFC 10-3091] actual bit length 9 differs from formal bit length 8 for port 'x1_imag' [C:/Users/Praveen/Downloads/dft_32_point.v:616]
Completed static elaboration
Starting simulation data flow analysis
WARNING: [XSIM 43-4100] "C:/Users/Praveen/Downloads/dft_32_point.v" Line 648. Module dft_16_point has a timescale but at least one module in design doesn't have timescale.
WARNING: [XSIM 43-4100] "C:/Users/Praveen/Downloads/dft_32_point.v" Line 993. Module dft_8_point has a timescale but at least one module in design doesn't have timescale.
WARNING: [XSIM 43-4100] "C:/Users/Praveen/Downloads/dft_32_point.v" Line 1173. Module dft_4_point has a timescale but at least one module in design doesn't have timescale.
WARNING: [XSIM 43-4100] "C:/Users/Praveen/Downloads/dft_32_point.v" Line 1266. Module dft_2_point has a timescale but at least one module in design doesn't have timescale.
WARNING: [XSIM 43-4100] "C:/Users/Praveen/Downloads/dft_32_point.v" Line 1266. Module dft_2_point has a timescale but at least one module in design doesn't have timescale.
WARNING: [XSIM 43-4100] "C:/Users/Praveen/Downloads/dft_32_point.v" Line 1498. Module complex_m has a timescale but at least one module in design doesn't have timescale.
WARNING: [XSIM 43-4100] "C:/Users/Praveen/Downloads/dft_32_point.v" Line 1266. Module dft_2_point has a timescale but at least one module in design doesn't have timescale.
WARNING: [XSIM 43-4100] "C:/Users/Praveen/Downloads/dft_32_point.v" Line 1266. Module dft_2_point has a timescale but at least one module in design doesn't have timescale.
WARNING: [XSIM 43-4100] "C:/Users/Praveen/Downloads/dft_32_point.v" Line 1173. Module dft_4_point has a timescale but at least one module in design doesn't have timescale.
WARNING: [XSIM 43-4100] "C:/Users/Praveen/Downloads/dft_32_point.v" Line 1266. Module dft_2_point has a timescale but at least one module in design doesn't have timescale.
WARNING: [XSIM 43-4100] "C:/Users/Praveen/Downloads/dft_32_point.v" Line 1266. Module dft_2_point has a timescale but at least one module in design doesn't have timescale.
WARNING: [XSIM 43-4100] "C:/Users/Praveen/Downloads/dft_32_point.v" Line 1498. Module complex_m has a timescale but at least one module in design doesn't have timescale.
WARNING: [XSIM 43-4100] "C:/Users/Praveen/Downloads/dft_32_point.v" Line 1266. Module dft_2_point has a timescale but at least one module in design doesn't have timescale.
WARNING: [XSIM 43-4100] "C:/Users/Praveen/Downloads/dft_32_point.v" Line 1266. Module dft_2_point has a timescale but at least one module in design doesn't have timescale.
WARNING: [XSIM 43-4100] "C:/Users/Praveen/Downloads/dft_32_point.v" Line 1498. Module complex_m has a timescale but at least one module in design doesn't have timescale.
WARNING: [XSIM 43-4100] "C:/Users/Praveen/Downloads/dft_32_point.v" Line 1498. Module complex_m has a timescale but at least one module in design doesn't have timescale.
WARNING: [XSIM 43-4100] "C:/Users/Praveen/Downloads/dft_32_point.v" Line 1498. Module complex_m has a timescale but at least one module in design doesn't have timescale.
WARNING: [XSIM 43-4100] "C:/Users/Praveen/Downloads/dft_32_point.v" Line 1266. Module dft_2_point has a timescale but at least one module in design doesn't have timescale.
WARNING: [XSIM 43-4100] "C:/Users/Praveen/Downloads/dft_32_point.v" Line 1266. Module dft_2_point has a timescale but at least one module in design doesn't have timescale.
WARNING: [XSIM 43-4100] "C:/Users/Praveen/Downloads/dft_32_point.v" Line 1266. Module dft_2_point has a timescale but at least one module in design doesn't have timescale.
WARNING: [XSIM 43-4100] "C:/Users/Praveen/Downloads/dft_32_point.v" Line 1266. Module dft_2_point has a timescale but at least one module in design doesn't have timescale.
WARNING: [XSIM 43-4100] "C:/Users/Praveen/Downloads/dft_32_point.v" Line 993. Module dft_8_point has a timescale but at least one module in design doesn't have timescale.
WARNING: [XSIM 43-4100] "C:/Users/Praveen/Downloads/dft_32_point.v" Line 1173. Module dft_4_point has a timescale but at least one module in design doesn't have timescale.
WARNING: [XSIM 43-4100] "C:/Users/Praveen/Downloads/dft_32_point.v" Line 1266. Module dft_2_point has a timescale but at least one module in design doesn't have timescale.
WARNING: [XSIM 43-4100] "C:/Users/Praveen/Downloads/dft_32_point.v" Line 1266. Module dft_2_point has a timescale but at least one module in design doesn't have timescale.
WARNING: [XSIM 43-4100] "C:/Users/Praveen/Downloads/dft_32_point.v" Line 1498. Module complex_m has a timescale but at least one module in design doesn't have timescale.
WARNING: [XSIM 43-4100] "C:/Users/Praveen/Downloads/dft_32_point.v" Line 1266. Module dft_2_point has a timescale but at least one module in design doesn't have timescale.
WARNING: [XSIM 43-4100] "C:/Users/Praveen/Downloads/dft_32_point.v" Line 1266. Module dft_2_point has a timescale but at least one module in design doesn't have timescale.
WARNING: [XSIM 43-4100] "C:/Users/Praveen/Downloads/dft_32_point.v" Line 1173. Module dft_4_point has a timescale but at least one module in design doesn't have timescale.
WARNING: [XSIM 43-4100] "C:/Users/Praveen/Downloads/dft_32_point.v" Line 1266. Module dft_2_point has a timescale but at least one module in design doesn't have timescale.
WARNING: [XSIM 43-4100] "C:/Users/Praveen/Downloads/dft_32_point.v" Line 1266. Module dft_2_point has a timescale but at least one module in design doesn't have timescale.
WARNING: [XSIM 43-4100] "C:/Users/Praveen/Downloads/dft_32_point.v" Line 1498. Module complex_m has a timescale but at least one module in design doesn't have timescale.
WARNING: [XSIM 43-4100] "C:/Users/Praveen/Downloads/dft_32_point.v" Line 1266. Module dft_2_point has a timescale but at least one module in design doesn't have timescale.
WARNING: [XSIM 43-4100] "C:/Users/Praveen/Downloads/dft_32_point.v" Line 1266. Module dft_2_point has a timescale but at least one module in design doesn't have timescale.
WARNING: [XSIM 43-4100] "C:/Users/Praveen/Downloads/dft_32_point.v" Line 1498. Module complex_m has a timescale but at least one module in design doesn't have timescale.
WARNING: [XSIM 43-4100] "C:/Users/Praveen/Downloads/dft_32_point.v" Line 1498. Module complex_m has a timescale but at least one module in design doesn't have timescale.
WARNING: [XSIM 43-4100] "C:/Users/Praveen/Downloads/dft_32_point.v" Line 1498. Module complex_m has a timescale but at least one module in design doesn't have timescale.
WARNING: [XSIM 43-4100] "C:/Users/Praveen/Downloads/dft_32_point.v" Line 1266. Module dft_2_point has a timescale but at least one module in design doesn't have timescale.
WARNING: [XSIM 43-4100] "C:/Users/Praveen/Downloads/dft_32_point.v" Line 1266. Module dft_2_point has a timescale but at least one module in design doesn't have timescale.
WARNING: [XSIM 43-4100] "C:/Users/Praveen/Downloads/dft_32_point.v" Line 1266. Module dft_2_point has a timescale but at least one module in design doesn't have timescale.
WARNING: [XSIM 43-4100] "C:/Users/Praveen/Downloads/dft_32_point.v" Line 1266. Module dft_2_point has a timescale but at least one module in design doesn't have timescale.
WARNING: [XSIM 43-4100] "C:/Users/Praveen/Downloads/dft_32_point.v" Line 1498. Module complex_m has a timescale but at least one module in design doesn't have timescale.
WARNING: [XSIM 43-4100] "C:/Users/Praveen/Downloads/dft_32_point.v" Line 1498. Module complex_m has a timescale but at least one module in design doesn't have timescale.
WARNING: [XSIM 43-4100] "C:/Users/Praveen/Downloads/dft_32_point.v" Line 1498. Module complex_m has a timescale but at least one module in design doesn't have timescale.
WARNING: [XSIM 43-4100] "C:/Users/Praveen/Downloads/dft_32_point.v" Line 1498. Module complex_m has a timescale but at least one module in design doesn't have timescale.
WARNING: [XSIM 43-4100] "C:/Users/Praveen/Downloads/dft_32_point.v" Line 1498. Module complex_m has a timescale but at least one module in design doesn't have timescale.
WARNING: [XSIM 43-4100] "C:/Users/Praveen/Downloads/dft_32_point.v" Line 1498. Module complex_m has a timescale but at least one module in design doesn't have timescale.
WARNING: [XSIM 43-4100] "C:/Users/Praveen/Downloads/dft_32_point.v" Line 1498. Module complex_m has a timescale but at least one module in design doesn't have timescale.
WARNING: [XSIM 43-4100] "C:/Users/Praveen/Downloads/dft_32_point.v" Line 1266. Module dft_2_point has a timescale but at least one module in design doesn't have timescale.
WARNING: [XSIM 43-4100] "C:/Users/Praveen/Downloads/dft_32_point.v" Line 1266. Module dft_2_point has a timescale but at least one module in design doesn't have timescale.
INFO: [Common 17-14] Message 'XSIM 43-4100' appears 50 times and further instances of the messages will be disabled. Use the Tcl command set_msg_config to change the current settings.
Completed simulation data flow analysis
Time Resolution for simulation is 1ps
Compiling module xil_defaultlib.dft_2_point
Compiling module xil_defaultlib.complex_m
Compiling module xil_defaultlib.dft_4_point
Compiling module xil_defaultlib.dft_8_point
Compiling module xil_defaultlib.dft_16_point
Compiling module xil_defaultlib.twiddle_factor
Compiling module xil_defaultlib.dft_32_point
Compiling module xil_defaultlib.glbl
Built simulation snapshot dft_32_point_behav
